<?xml version="1.0" encoding="UTF-8"?>
<!-- Generated by org.testng.reporters.JUnitReportReporter -->
<testsuite hostname="DESKTOP-HJ68RE7" failures="0" tests="1" name="testCases.TC002_LoginTest" time="1.952" errors="0" timestamp="2025-04-17T18:27:08 IST" skipped="0">
  <testcase classname="testCases.TC002_LoginTest" name="verify_Login" time="1.952"/>
</testsuite> <!-- testCases.TC002_LoginTest -->
