<?xml version="1.0" encoding="UTF-8"?>
<!-- Generated by org.testng.reporters.JUnitReportReporter -->
<testsuite hostname="DESKTOP-HJ68RE7" failures="0" tests="1" name="testCases.TC006_EndToEndTest" time="25.880" errors="0" timestamp="2025-04-20T18:25:36 IST" skipped="0">
  <testcase classname="testCases.TC006_EndToEndTest" name="end_to_end_test" time="25.880"/>
</testsuite> <!-- testCases.TC006_EndToEndTest -->
