<?xml version="1.0" encoding="UTF-8"?>
<!-- Generated by org.testng.reporters.JUnitReportReporter -->
<testsuite hostname="DESKTOP-HJ68RE7" failures="0" tests="1" name="testCases.TC004_SearchAnItemTest" time="0.994" errors="0" timestamp="2025-04-19T13:24:19 IST" skipped="0">
  <testcase classname="testCases.TC004_SearchAnItemTest" name="search_An_Item" time="0.994"/>
</testsuite> <!-- testCases.TC004_SearchAnItemTest -->
