<?xml version="1.0" encoding="UTF-8"?>
<!-- Generated by org.testng.reporters.JUnitReportReporter -->
<testsuite hostname="DESKTOP-HJ68RE7" failures="0" tests="1" name="testCases.TC001_LoginTest" time="2.092" errors="0" timestamp="2025-04-11T20:09:14 IST" skipped="0">
  <testcase classname="testCases.TC001_LoginTest" name="verify_Login" time="2.092"/>
</testsuite> <!-- testCases.TC001_LoginTest -->
