<?xml version="1.0" encoding="UTF-8"?>
<!-- Generated by org.testng.reporters.JUnitReportReporter -->
<testsuite hostname="DESKTOP-HJ68RE7" failures="0" tests="1" name="testCases.TC007_AddToWishlistTest" time="3.507" errors="0" timestamp="2025-04-21T13:54:49 IST" skipped="0">
  <testcase classname="testCases.TC007_AddToWishlistTest" name="add_To_Wishlist" time="3.507"/>
</testsuite> <!-- testCases.TC007_AddToWishlistTest -->
