<?xml version="1.0" encoding="UTF-8"?>
<!-- Generated by org.testng.reporters.JUnitReportReporter -->
<testsuite hostname="DESKTOP-HJ68RE7" failures="0" tests="1" name="testCases.TC002_LoginTest" time="2.011" errors="0" timestamp="2025-04-18T15:22:15 IST" skipped="0">
  <testcase classname="testCases.TC002_LoginTest" name="verify_Login" time="2.011"/>
</testsuite> <!-- testCases.TC002_LoginTest -->
